2020-04-27 20:01:57,996 - instabot version: 0.117.0 (bot) - INFO - Instabot version: 0.117.0 Started
2020-04-27 20:01:57,996 - instabot version: 0.117.0 (bot) - DEBUG - Bot imported from /Users/quangthien.nguyen/.local/share/virtualenvs/IG-Suite-TZmIOvec/lib/python3.7/site-packages/instabot/bot/bot.py
2020-04-27 20:01:57,997 - instabot version: 0.117.0 (api_login) - DEBUG - Loading cookies
2020-04-27 20:01:57,997 - instabot version: 0.117.0 (api_login) - DEBUG - Loading uuids
2020-04-27 20:01:57,997 - instabot version: 0.117.0 (api_login) - INFO - Recovery from /Users/quangthien.nguyen/prjcts/IG-Suite/config/edgarpaw_uuid_and_cookie.json: COOKIE True - UUIDs True - TIMING, DEVICE and ...
- user-agent=Instagram 117.0.0.28.123 Android (28/9.0; 420dpi; 1080x1920; OnePlus; ONEPLUS A3003; OnePlus3; qcom; en_US; 180322800)
- phone_id=8aca2e61-2ee6-459e-8fb8-fc10b6c50c26
- uuid=9234e4ac-5181-4bdc-a05d-de0e161891db
- client_session_id=677f83a2-e707-453d-a9b6-2c9321c61f3b
- device_id=android-9d990660e5764c55
2020-04-27 20:01:57,997 - instabot version: 0.117.0 (api_login) - INFO - LOGIN FLOW! Just logged-in: False
2020-04-27 20:01:59,092 - instabot version: 0.117.0 (api) - DEBUG - POST to endpoint: feed/timeline/ returned response: <Response [200]>
2020-04-27 20:01:59,473 - instabot version: 0.117.0 (api) - DEBUG - POST to endpoint: feed/reels_tray/ returned response: <Response [200]>
2020-04-27 20:01:59,753 - instabot version: 0.117.0 (api) - DEBUG - POST to endpoint: direct_v2/ranked_recipients/ returned response: <Response [200]>
2020-04-27 20:02:00,059 - instabot version: 0.117.0 (api) - DEBUG - POST to endpoint: direct_v2/ranked_recipients/ returned response: <Response [200]>
2020-04-27 20:02:00,344 - instabot version: 0.117.0 (api) - DEBUG - POST to endpoint: direct_v2/inbox/ returned response: <Response [200]>
2020-04-27 20:02:00,912 - instabot version: 0.117.0 (api) - DEBUG - GET to endpoint: direct_v2/get_presence/ returned response: <Response [200]>
2020-04-27 20:02:01,676 - instabot version: 0.117.0 (api) - DEBUG - GET to endpoint: news/inbox/?limited_activity=true&show_su=true returned response: <Response [200]>
2020-04-27 20:02:01,929 - instabot version: 0.117.0 (api) - DEBUG - GET to endpoint: users/profile_notice/ returned response: <Response [200]>
2020-04-27 20:02:03,539 - instabot version: 0.117.0 (api) - DEBUG - POST to endpoint: discover/explore/ returned response: <Response [200]>
2020-04-27 20:02:03,543 - instabot version: 0.117.0 (api) - INFO - Logged-in successfully as 'edgarpaw'!
2020-04-27 20:02:03,543 - instabot version: 0.117.0 (bot_checkpoint) - DEBUG - Loading Checkpoint file from: /Users/quangthien.nguyen/prjcts/IG-Suite/config/edgarpaw.checkpoint
2020-04-27 20:06:44,612 - instabot version: 0.117.0 (bot_checkpoint) - DEBUG - Saving Checkpoint file to: /Users/quangthien.nguyen/prjcts/IG-Suite/config/edgarpaw.checkpoint
2020-04-27 20:06:44,698 - instabot version: 0.117.0 (bot) - INFO - Total unfollows: 1/95
2020-04-27 20:06:44,699 - instabot version: 0.117.0 (bot) - INFO - Total requests: 41
