2020-04-27 20:26:22,465 - instabot version: 0.117.0 (bot) - INFO - Instabot version: 0.117.0 Started
2020-04-27 20:26:22,466 - instabot version: 0.117.0 (bot) - DEBUG - Bot imported from /Users/quangthien.nguyen/.local/share/virtualenvs/IG-Suite-TZmIOvec/lib/python3.7/site-packages/instabot/bot/bot.py
2020-04-27 20:26:22,467 - instabot version: 0.117.0 (api_login) - DEBUG - Loading cookies
2020-04-27 20:26:22,467 - instabot version: 0.117.0 (api_login) - DEBUG - Loading uuids
2020-04-27 20:26:22,467 - instabot version: 0.117.0 (api_login) - INFO - Recovery from /Users/quangthien.nguyen/prjcts/IG-Suite/config/edgarpaw_uuid_and_cookie.json: COOKIE True - UUIDs True - TIMING, DEVICE and ...
- user-agent=Instagram 117.0.0.28.123 Android (28/9.0; 420dpi; 1080x1920; OnePlus; ONEPLUS A3003; OnePlus3; qcom; en_US; 180322800)
- phone_id=8aca2e61-2ee6-459e-8fb8-fc10b6c50c26
- uuid=9234e4ac-5181-4bdc-a05d-de0e161891db
- client_session_id=3aee7d6c-87e4-41a6-819f-8ebbbc89b57f
- device_id=android-9d990660e5764c55
2020-04-27 20:26:22,467 - instabot version: 0.117.0 (api_login) - INFO - LOGIN FLOW! Just logged-in: False
2020-04-27 20:26:23,772 - instabot version: 0.117.0 (api) - DEBUG - POST to endpoint: feed/timeline/ returned response: <Response [200]>
2020-04-27 20:26:24,179 - instabot version: 0.117.0 (api) - DEBUG - POST to endpoint: feed/reels_tray/ returned response: <Response [200]>
2020-04-27 20:26:24,181 - instabot version: 0.117.0 (api) - INFO - Logged-in successfully as 'edgarpaw'!
2020-04-27 20:26:24,181 - instabot version: 0.117.0 (bot_checkpoint) - DEBUG - Loading Checkpoint file from: /Users/quangthien.nguyen/prjcts/IG-Suite/config/edgarpaw.checkpoint
2020-04-27 20:27:27,130 - instabot version: 0.117.0 (api) - DEBUG - POST to endpoint: media/configure/? returned response: <Response [200]>
2020-04-27 20:27:27,382 - instabot version: 0.117.0 (api) - DEBUG - POST to endpoint: qe/expose/ returned response: <Response [200]>
2020-04-27 20:27:27,384 - instabot version: 0.117.0 (bot_photo) - INFO - Photo '/Users/quangthien.nguyen/Pictures/coffeeview.jpg' is uploaded.
2020-04-27 20:36:49,614 - instabot version: 0.117.0 (api) - DEBUG - POST to endpoint: media/configure/? returned response: <Response [200]>
2020-04-27 20:36:49,901 - instabot version: 0.117.0 (api) - DEBUG - POST to endpoint: qe/expose/ returned response: <Response [200]>
2020-04-27 20:36:49,903 - instabot version: 0.117.0 (bot_photo) - INFO - Photo '/Users/quangthien.nguyen/Pictures/KL_bridge.jpg' is uploaded.
2020-04-27 20:39:31,570 - instabot version: 0.117.0 (bot_checkpoint) - DEBUG - Saving Checkpoint file to: /Users/quangthien.nguyen/prjcts/IG-Suite/config/edgarpaw.checkpoint
2020-04-27 20:39:31,571 - instabot version: 0.117.0 (bot) - INFO - Total unfollows: 1/62
2020-04-27 20:39:31,571 - instabot version: 0.117.0 (bot) - INFO - Total requests: 51
